<?xml version="1.0" encoding="UTF-8"?>
<testsuite name="openapi.OpenAPIMain_test" tests="1" skipped="0" failures="1" errors="0" timestamp="2021-08-12T17:47:54" hostname="DESKTOP-RAH69DT" time="0.342">
  <properties/>
  <testcase name="test()" classname="openapi.OpenAPIMain_test" time="0.342">
    <failure message="org.opentest4j.AssertionFailedError: JSONs for link-example.json are different:&#10;[ {&#13;&#10;  &quot;op&quot; : &quot;add&quot;,&#13;&#10;  &quot;path&quot; : &quot;/paths/~12.0~1repositories~1{username}/get/responses/200/content/application~1json/schema/items/$ref&quot;,&#13;&#10;  &quot;value&quot; : &quot;#/components/schemas/repository&quot;&#13;&#10;}, {&#13;&#10;  &quot;op&quot; : &quot;add&quot;,&#13;&#10;  &quot;path&quot; : &quot;/paths/~12.0~1repositories~1{username}/get/responses/200/links&quot;,&#13;&#10;  &quot;value&quot; : {&#13;&#10;    &quot;userRepository&quot; : {&#13;&#10;      &quot;$ref&quot; : &quot;#/components/links/UserRepository&quot;&#13;&#10;    }&#13;&#10;  }&#13;&#10;}, {&#13;&#10;  &quot;op&quot; : &quot;add&quot;,&#13;&#10;  &quot;path&quot; : &quot;/paths/~12.0~1users~1{username}/get/responses/200/content/application~1json/schema/$ref&quot;,&#13;&#10;  &quot;value&quot; : &quot;#/components/schemas/user&quot;&#13;&#10;}, {&#13;&#10;  &quot;op&quot; : &quot;add&quot;,&#13;&#10;  &quot;path&quot; : &quot;/paths/~12.0~1users~1{username}/get/responses/200/links&quot;,&#13;&#10;  &quot;value&quot; : {&#13;&#10;    &quot;userRepositories&quot; : {&#13;&#10;      &quot;$ref&quot; : &quot;#/components/links/UserRepositories&quot;&#13;&#10;    }&#13;&#10;  }&#13;&#10;}, {&#13;&#10;  &quot;op&quot; : &quot;add&quot;,&#13;&#10;  &quot;path&quot; : &quot;/paths/~12.0~1repositories~1{username}~1{slug}~1pullrequests~1{pid}/get/responses/200/content/application~1json/schema/$ref&quot;,&#13;&#10;  &quot;value&quot; : &quot;#/components/schemas/pullrequest&quot;&#13;&#10;}, {&#13;&#10;  &quot;op&quot; : &quot;add&quot;,&#13;&#10;  &quot;path&quot; : &quot;/paths/~12.0~1repositories~1{username}~1{slug}~1pullrequests~1{pid}/get/responses/200/links&quot;,&#13;&#10;  &quot;value&quot; : {&#13;&#10;    &quot;pullRequestMerge&quot; : {&#13;&#10;      &quot;$ref&quot; : &quot;#/components/links/PullRequestMerge&quot;&#13;&#10;    }&#13;&#10;  }&#13;&#10;}, {&#13;&#10;  &quot;op&quot; : &quot;remove&quot;,&#13;&#10;  &quot;path&quot; : &quot;/paths/~12.0~1repositories~1{username}~1{slug}~1pullrequests/get/parameters/2/required&quot;&#13;&#10;}, {&#13;&#10;  &quot;op&quot; : &quot;add&quot;,&#13;&#10;  &quot;path&quot; : &quot;/paths/~12.0~1repositories~1{username}~1{slug}~1pullrequests/get/parameters/2/schema/enum&quot;,&#13;&#10;  &quot;value&quot; : [ &quot;open&quot;, &quot;merged&quot;, &quot;declined&quot; ]&#13;&#10;}, {&#13;&#10;  &quot;op&quot; : &quot;add&quot;,&#13;&#10;  &quot;path&quot; : &quot;/paths/~12.0~1repositories~1{username}~1{slug}~1pullrequests/get/responses/200/content/application~1json/schema/items/$ref&quot;,&#13;&#10;  &quot;value&quot; : &quot;#/components/schemas/pullrequest&quot;&#13;&#10;}, {&#13;&#10;  &quot;op&quot; : &quot;add&quot;,&#13;&#10;  &quot;path&quot; : &quot;/paths/~12.0~1repositories~1{username}~1{slug}/get/responses/200/content/application~1json/schema/$ref&quot;,&#13;&#10;  &quot;value&quot; : &quot;#/components/schemas/repository&quot;&#13;&#10;}, {&#13;&#10;  &quot;op&quot; : &quot;add&quot;,&#13;&#10;  &quot;path&quot; : &quot;/paths/~12.0~1repositories~1{username}~1{slug}/get/responses/200/links&quot;,&#13;&#10;  &quot;value&quot; : {&#13;&#10;    &quot;repositoryPullRequests&quot; : {&#13;&#10;      &quot;$ref&quot; : &quot;#/components/links/RepositoryPullRequests&quot;&#13;&#10;    }&#13;&#10;  }&#13;&#10;}, {&#13;&#10;  &quot;op&quot; : &quot;remove&quot;,&#13;&#10;  &quot;path&quot; : &quot;/components/links/UserRepositories/operationRef&quot;&#13;&#10;}, {&#13;&#10;  &quot;op&quot; : &quot;remove&quot;,&#13;&#10;  &quot;path&quot; : &quot;/components/links/UserRepository/operationRef&quot;&#13;&#10;}, {&#13;&#10;  &quot;op&quot; : &quot;remove&quot;,&#13;&#10;  &quot;path&quot; : &quot;/components/links/PullRequestMerge/operationRef&quot;&#13;&#10;}, {&#13;&#10;  &quot;op&quot; : &quot;remove&quot;,&#13;&#10;  &quot;path&quot; : &quot;/components/links/RepositoryPullRequests/operationRef&quot;&#13;&#10;}, {&#13;&#10;  &quot;op&quot; : &quot;add&quot;,&#13;&#10;  &quot;path&quot; : &quot;/components/schemas/pullrequest/properties/author/$ref&quot;,&#13;&#10;  &quot;value&quot; : &quot;#/components/schemas/user&quot;&#13;&#10;}, {&#13;&#10;  &quot;op&quot; : &quot;add&quot;,&#13;&#10;  &quot;path&quot; : &quot;/components/schemas/pullrequest/properties/repository/$ref&quot;,&#13;&#10;  &quot;value&quot; : &quot;#/components/schemas/repository&quot;&#13;&#10;}, {&#13;&#10;  &quot;op&quot; : &quot;add&quot;,&#13;&#10;  &quot;path&quot; : &quot;/components/schemas/repository/properties/owner/$ref&quot;,&#13;&#10;  &quot;value&quot; : &quot;#/components/schemas/user&quot;&#13;&#10;} ] ==&gt; expected: &lt;{&#13;&#10;  &quot;openapi&quot; : &quot;3.0.0&quot;,&#13;&#10;  &quot;info&quot; : {&#13;&#10;    &quot;title&quot; : &quot;Link Example&quot;,&#13;&#10;    &quot;version&quot; : &quot;1.0.0&quot;&#13;&#10;  },&#13;&#10;  &quot;paths&quot; : {&#13;&#10;    &quot;/2.0/users/{username}&quot; : {&#13;&#10;      &quot;get&quot; : {&#13;&#10;        &quot;operationId&quot; : &quot;getUserByName&quot;,&#13;&#10;        &quot;parameters&quot; : [ {&#13;&#10;          &quot;required&quot; : true,&#13;&#10;          &quot;schema&quot; : {&#13;&#10;            &quot;type&quot; : &quot;string&quot;&#13;&#10;          },&#13;&#10;          &quot;in&quot; : &quot;path&quot;,&#13;&#10;          &quot;name&quot; : &quot;username&quot;&#13;&#10;        } ],&#13;&#10;        &quot;responses&quot; : {&#13;&#10;          &quot;200&quot; : {&#13;&#10;            &quot;description&quot; : &quot;The User&quot;,&#13;&#10;            &quot;links&quot; : {&#13;&#10;              &quot;userRepositories&quot; : {&#13;&#10;                &quot;$ref&quot; : &quot;#/components/links/UserRepositories&quot;&#13;&#10;              }&#13;&#10;            },&#13;&#10;            &quot;content&quot; : {&#13;&#10;              &quot;application/json&quot; : {&#13;&#10;                &quot;schema&quot; : {&#13;&#10;                  &quot;$ref&quot; : &quot;#/components/schemas/user&quot;&#13;&#10;                }&#13;&#10;              }&#13;&#10;            }&#13;&#10;          }&#13;&#10;        }&#13;&#10;      }&#13;&#10;    },&#13;&#10;    &quot;/2.0/repositories/{username}&quot; : {&#13;&#10;      &quot;get&quot; : {&#13;&#10;        &quot;operationId&quot; : &quot;getRepositoriesByOwner&quot;,&#13;&#10;        &quot;parameters&quot; : [ {&#13;&#10;          &quot;required&quot; : true,&#13;&#10;          &quot;schema&quot; : {&#13;&#10;            &quot;type&quot; : &quot;string&quot;&#13;&#10;          },&#13;&#10;          &quot;in&quot; : &quot;path&quot;,&#13;&#10;          &quot;name&quot; : &quot;username&quot;&#13;&#10;        } ],&#13;&#10;        &quot;responses&quot; : {&#13;&#10;          &quot;200&quot; : {&#13;&#10;            &quot;description&quot; : &quot;repositories owned by the supplied user&quot;,&#13;&#10;            &quot;links&quot; : {&#13;&#10;              &quot;userRepository&quot; : {&#13;&#10;                &quot;$ref&quot; : &quot;#/components/links/UserRepository&quot;&#13;&#10;              }&#13;&#10;            },&#13;&#10;            &quot;content&quot; : {&#13;&#10;              &quot;application/json&quot; : {&#13;&#10;                &quot;schema&quot; : {&#13;&#10;                  &quot;type&quot; : &quot;array&quot;,&#13;&#10;                  &quot;items&quot; : {&#13;&#10;                    &quot;$ref&quot; : &quot;#/components/schemas/repository&quot;&#13;&#10;                  }&#13;&#10;                }&#13;&#10;              }&#13;&#10;            }&#13;&#10;          }&#13;&#10;        }&#13;&#10;      }&#13;&#10;    },&#13;&#10;    &quot;/2.0/repositories/{username}/{slug}&quot; : {&#13;&#10;      &quot;get&quot; : {&#13;&#10;        &quot;operationId&quot; : &quot;getRepository&quot;,&#13;&#10;        &quot;parameters&quot; : [ {&#13;&#10;          &quot;required&quot; : true,&#13;&#10;          &quot;schema&quot; : {&#13;&#10;            &quot;type&quot; : &quot;string&quot;&#13;&#10;          },&#13;&#10;          &quot;in&quot; : &quot;path&quot;,&#13;&#10;          &quot;name&quot; : &quot;username&quot;&#13;&#10;        }, {&#13;&#10;          &quot;required&quot; : true,&#13;&#10;          &quot;schema&quot; : {&#13;&#10;            &quot;type&quot; : &quot;string&quot;&#13;&#10;          },&#13;&#10;          &quot;in&quot; : &quot;path&quot;,&#13;&#10;          &quot;name&quot; : &quot;slug&quot;&#13;&#10;        } ],&#13;&#10;        &quot;responses&quot; : {&#13;&#10;          &quot;200&quot; : {&#13;&#10;            &quot;description&quot; : &quot;The repository&quot;,&#13;&#10;            &quot;links&quot; : {&#13;&#10;              &quot;repositoryPullRequests&quot; : {&#13;&#10;                &quot;$ref&quot; : &quot;#/components/links/RepositoryPullRequests&quot;&#13;&#10;              }&#13;&#10;            },&#13;&#10;            &quot;content&quot; : {&#13;&#10;              &quot;application/json&quot; : {&#13;&#10;                &quot;schema&quot; : {&#13;&#10;                  &quot;$ref&quot; : &quot;#/components/schemas/repository&quot;&#13;&#10;                }&#13;&#10;              }&#13;&#10;            }&#13;&#10;          }&#13;&#10;        }&#13;&#10;      }&#13;&#10;    },&#13;&#10;    &quot;/2.0/repositories/{username}/{slug}/pullrequests&quot; : {&#13;&#10;      &quot;get&quot; : {&#13;&#10;        &quot;operationId&quot; : &quot;getPullRequestsByRepository&quot;,&#13;&#10;        &quot;parameters&quot; : [ {&#13;&#10;          &quot;required&quot; : true,&#13;&#10;          &quot;schema&quot; : {&#13;&#10;            &quot;type&quot; : &quot;string&quot;&#13;&#10;          },&#13;&#10;          &quot;in&quot; : &quot;path&quot;,&#13;&#10;          &quot;name&quot; : &quot;username&quot;&#13;&#10;        }, {&#13;&#10;          &quot;required&quot; : true,&#13;&#10;          &quot;schema&quot; : {&#13;&#10;            &quot;type&quot; : &quot;string&quot;&#13;&#10;          },&#13;&#10;          &quot;in&quot; : &quot;path&quot;,&#13;&#10;          &quot;name&quot; : &quot;slug&quot;&#13;&#10;        }, {&#13;&#10;          &quot;schema&quot; : {&#13;&#10;            &quot;type&quot; : &quot;string&quot;,&#13;&#10;            &quot;enum&quot; : [ &quot;open&quot;, &quot;merged&quot;, &quot;declined&quot; ]&#13;&#10;          },&#13;&#10;          &quot;in&quot; : &quot;query&quot;,&#13;&#10;          &quot;name&quot; : &quot;state&quot;&#13;&#10;        } ],&#13;&#10;        &quot;responses&quot; : {&#13;&#10;          &quot;200&quot; : {&#13;&#10;            &quot;description&quot; : &quot;an array of pull request objects&quot;,&#13;&#10;            &quot;content&quot; : {&#13;&#10;              &quot;application/json&quot; : {&#13;&#10;                &quot;schema&quot; : {&#13;&#10;                  &quot;type&quot; : &quot;array&quot;,&#13;&#10;                  &quot;items&quot; : {&#13;&#10;                    &quot;$ref&quot; : &quot;#/components/schemas/pullrequest&quot;&#13;&#10;                  }&#13;&#10;                }&#13;&#10;              }&#13;&#10;            }&#13;&#10;          }&#13;&#10;        }&#13;&#10;      }&#13;&#10;    },&#13;&#10;    &quot;/2.0/repositories/{username}/{slug}/pullrequests/{pid}&quot; : {&#13;&#10;      &quot;get&quot; : {&#13;&#10;        &quot;operationId&quot; : &quot;getPullRequestsById&quot;,&#13;&#10;        &quot;parameters&quot; : [ {&#13;&#10;          &quot;required&quot; : true,&#13;&#10;          &quot;schema&quot; : {&#13;&#10;            &quot;type&quot; : &quot;string&quot;&#13;&#10;          },&#13;&#10;          &quot;in&quot; : &quot;path&quot;,&#13;&#10;          &quot;name&quot; : &quot;username&quot;&#13;&#10;        }, {&#13;&#10;          &quot;required&quot; : true,&#13;&#10;          &quot;schema&quot; : {&#13;&#10;            &quot;type&quot; : &quot;string&quot;&#13;&#10;          },&#13;&#10;          &quot;in&quot; : &quot;path&quot;,&#13;&#10;          &quot;name&quot; : &quot;slug&quot;&#13;&#10;        }, {&#13;&#10;          &quot;required&quot; : true,&#13;&#10;          &quot;schema&quot; : {&#13;&#10;            &quot;type&quot; : &quot;string&quot;&#13;&#10;          },&#13;&#10;          &quot;in&quot; : &quot;path&quot;,&#13;&#10;          &quot;name&quot; : &quot;pid&quot;&#13;&#10;        } ],&#13;&#10;        &quot;responses&quot; : {&#13;&#10;          &quot;200&quot; : {&#13;&#10;            &quot;description&quot; : &quot;a pull request object&quot;,&#13;&#10;            &quot;links&quot; : {&#13;&#10;              &quot;pullRequestMerge&quot; : {&#13;&#10;                &quot;$ref&quot; : &quot;#/components/links/PullRequestMerge&quot;&#13;&#10;              }&#13;&#10;            },&#13;&#10;            &quot;content&quot; : {&#13;&#10;              &quot;application/json&quot; : {&#13;&#10;                &quot;schema&quot; : {&#13;&#10;                  &quot;$ref&quot; : &quot;#/components/schemas/pullrequest&quot;&#13;&#10;                }&#13;&#10;              }&#13;&#10;            }&#13;&#10;          }&#13;&#10;        }&#13;&#10;      }&#13;&#10;    },&#13;&#10;    &quot;/2.0/repositories/{username}/{slug}/pullrequests/{pid}/merge&quot; : {&#13;&#10;      &quot;post&quot; : {&#13;&#10;        &quot;operationId&quot; : &quot;mergePullRequest&quot;,&#13;&#10;        &quot;parameters&quot; : [ {&#13;&#10;          &quot;required&quot; : true,&#13;&#10;          &quot;schema&quot; : {&#13;&#10;            &quot;type&quot; : &quot;string&quot;&#13;&#10;          },&#13;&#10;          &quot;in&quot; : &quot;path&quot;,&#13;&#10;          &quot;name&quot; : &quot;username&quot;&#13;&#10;        }, {&#13;&#10;          &quot;required&quot; : true,&#13;&#10;          &quot;schema&quot; : {&#13;&#10;            &quot;type&quot; : &quot;string&quot;&#13;&#10;          },&#13;&#10;          &quot;in&quot; : &quot;path&quot;,&#13;&#10;          &quot;name&quot; : &quot;slug&quot;&#13;&#10;        }, {&#13;&#10;          &quot;required&quot; : true,&#13;&#10;          &quot;schema&quot; : {&#13;&#10;            &quot;type&quot; : &quot;string&quot;&#13;&#10;          },&#13;&#10;          &quot;in&quot; : &quot;path&quot;,&#13;&#10;          &quot;name&quot; : &quot;pid&quot;&#13;&#10;        } ],&#13;&#10;        &quot;responses&quot; : {&#13;&#10;          &quot;204&quot; : {&#13;&#10;            &quot;description&quot; : &quot;the PR was successfully merged&quot;&#13;&#10;          }&#13;&#10;        }&#13;&#10;      }&#13;&#10;    }&#13;&#10;  },&#13;&#10;  &quot;components&quot; : {&#13;&#10;    &quot;links&quot; : {&#13;&#10;      &quot;UserRepositories&quot; : {&#13;&#10;        &quot;operationId&quot; : &quot;getRepositoriesByOwner&quot;,&#13;&#10;        &quot;parameters&quot; : {&#13;&#10;          &quot;username&quot; : &quot;$response.body#/username&quot;&#13;&#10;        }&#13;&#10;      },&#13;&#10;      &quot;UserRepository&quot; : {&#13;&#10;        &quot;operationId&quot; : &quot;getRepository&quot;,&#13;&#10;        &quot;parameters&quot; : {&#13;&#10;          &quot;username&quot; : &quot;$response.body#/owner/username&quot;,&#13;&#10;          &quot;slug&quot; : &quot;$response.body#/slug&quot;&#13;&#10;        }&#13;&#10;      },&#13;&#10;      &quot;RepositoryPullRequests&quot; : {&#13;&#10;        &quot;operationId&quot; : &quot;getPullRequestsByRepository&quot;,&#13;&#10;        &quot;parameters&quot; : {&#13;&#10;          &quot;username&quot; : &quot;$response.body#/owner/username&quot;,&#13;&#10;          &quot;slug&quot; : &quot;$response.body#/slug&quot;&#13;&#10;        }&#13;&#10;      },&#13;&#10;      &quot;PullRequestMerge&quot; : {&#13;&#10;        &quot;operationId&quot; : &quot;mergePullRequest&quot;,&#13;&#10;        &quot;parameters&quot; : {&#13;&#10;          &quot;username&quot; : &quot;$response.body#/author/username&quot;,&#13;&#10;          &quot;slug&quot; : &quot;$response.body#/repository/slug&quot;,&#13;&#10;          &quot;pid&quot; : &quot;$response.body#/id&quot;&#13;&#10;        }&#13;&#10;      }&#13;&#10;    },&#13;&#10;    &quot;schemas&quot; : {&#13;&#10;      &quot;user&quot; : {&#13;&#10;        &quot;properties&quot; : {&#13;&#10;          &quot;username&quot; : {&#13;&#10;            &quot;type&quot; : &quot;string&quot;&#13;&#10;          },&#13;&#10;          &quot;uuid&quot; : {&#13;&#10;            &quot;type&quot; : &quot;string&quot;&#13;&#10;          }&#13;&#10;        },&#13;&#10;        &quot;type&quot; : &quot;object&quot;&#13;&#10;      },&#13;&#10;      &quot;repository&quot; : {&#13;&#10;        &quot;properties&quot; : {&#13;&#10;          &quot;slug&quot; : {&#13;&#10;            &quot;type&quot; : &quot;string&quot;&#13;&#10;          },&#13;&#10;          &quot;owner&quot; : {&#13;&#10;            &quot;$ref&quot; : &quot;#/components/schemas/user&quot;&#13;&#10;          }&#13;&#10;        },&#13;&#10;        &quot;type&quot; : &quot;object&quot;&#13;&#10;      },&#13;&#10;      &quot;pullrequest&quot; : {&#13;&#10;        &quot;properties&quot; : {&#13;&#10;          &quot;id&quot; : {&#13;&#10;            &quot;type&quot; : &quot;integer&quot;&#13;&#10;          },&#13;&#10;          &quot;title&quot; : {&#13;&#10;            &quot;type&quot; : &quot;string&quot;&#13;&#10;          },&#13;&#10;          &quot;repository&quot; : {&#13;&#10;            &quot;$ref&quot; : &quot;#/components/schemas/repository&quot;&#13;&#10;          },&#13;&#10;          &quot;author&quot; : {&#13;&#10;            &quot;$ref&quot; : &quot;#/components/schemas/user&quot;&#13;&#10;          }&#13;&#10;        },&#13;&#10;        &quot;type&quot; : &quot;object&quot;&#13;&#10;      }&#13;&#10;    }&#13;&#10;  }&#13;&#10;}&gt; but was: &lt;{&#13;&#10;  &quot;openapi&quot; : &quot;3.0.0&quot;,&#13;&#10;  &quot;info&quot; : {&#13;&#10;    &quot;title&quot; : &quot;Link Example&quot;,&#13;&#10;    &quot;version&quot; : &quot;1.0.0&quot;&#13;&#10;  },&#13;&#10;  &quot;paths&quot; : {&#13;&#10;    &quot;/2.0/repositories/{username}&quot; : {&#13;&#10;      &quot;get&quot; : {&#13;&#10;        &quot;operationId&quot; : &quot;getRepositoriesByOwner&quot;,&#13;&#10;        &quot;parameters&quot; : [ {&#13;&#10;          &quot;required&quot; : true,&#13;&#10;          &quot;schema&quot; : {&#13;&#10;            &quot;type&quot; : &quot;string&quot;&#13;&#10;          },&#13;&#10;          &quot;in&quot; : &quot;path&quot;,&#13;&#10;          &quot;name&quot; : &quot;username&quot;&#13;&#10;        } ],&#13;&#10;        &quot;responses&quot; : {&#13;&#10;          &quot;200&quot; : {&#13;&#10;            &quot;description&quot; : &quot;repositories owned by the supplied user&quot;,&#13;&#10;            &quot;content&quot; : {&#13;&#10;              &quot;application/json&quot; : {&#13;&#10;                &quot;schema&quot; : {&#13;&#10;                  &quot;type&quot; : &quot;array&quot;,&#13;&#10;                  &quot;items&quot; : { }&#13;&#10;                }&#13;&#10;              }&#13;&#10;            }&#13;&#10;          }&#13;&#10;        }&#13;&#10;      }&#13;&#10;    },&#13;&#10;    &quot;/2.0/users/{username}&quot; : {&#13;&#10;      &quot;get&quot; : {&#13;&#10;        &quot;operationId&quot; : &quot;getUserByName&quot;,&#13;&#10;        &quot;parameters&quot; : [ {&#13;&#10;          &quot;required&quot; : true,&#13;&#10;          &quot;schema&quot; : {&#13;&#10;            &quot;type&quot; : &quot;string&quot;&#13;&#10;          },&#13;&#10;          &quot;in&quot; : &quot;path&quot;,&#13;&#10;          &quot;name&quot; : &quot;username&quot;&#13;&#10;        } ],&#13;&#10;        &quot;responses&quot; : {&#13;&#10;          &quot;200&quot; : {&#13;&#10;            &quot;description&quot; : &quot;The User&quot;,&#13;&#10;            &quot;content&quot; : {&#13;&#10;              &quot;application/json&quot; : {&#13;&#10;                &quot;schema&quot; : { }&#13;&#10;              }&#13;&#10;            }&#13;&#10;          }&#13;&#10;        }&#13;&#10;      }&#13;&#10;    },&#13;&#10;    &quot;/2.0/repositories/{username}/{slug}/pullrequests/{pid}&quot; : {&#13;&#10;      &quot;get&quot; : {&#13;&#10;        &quot;operationId&quot; : &quot;getPullRequestsById&quot;,&#13;&#10;        &quot;parameters&quot; : [ {&#13;&#10;          &quot;required&quot; : true,&#13;&#10;          &quot;schema&quot; : {&#13;&#10;            &quot;type&quot; : &quot;string&quot;&#13;&#10;          },&#13;&#10;          &quot;in&quot; : &quot;path&quot;,&#13;&#10;          &quot;name&quot; : &quot;username&quot;&#13;&#10;        }, {&#13;&#10;          &quot;required&quot; : true,&#13;&#10;          &quot;schema&quot; : {&#13;&#10;            &quot;type&quot; : &quot;string&quot;&#13;&#10;          },&#13;&#10;          &quot;in&quot; : &quot;path&quot;,&#13;&#10;          &quot;name&quot; : &quot;slug&quot;&#13;&#10;        }, {&#13;&#10;          &quot;required&quot; : true,&#13;&#10;          &quot;schema&quot; : {&#13;&#10;            &quot;type&quot; : &quot;string&quot;&#13;&#10;          },&#13;&#10;          &quot;in&quot; : &quot;path&quot;,&#13;&#10;          &quot;name&quot; : &quot;pid&quot;&#13;&#10;        } ],&#13;&#10;        &quot;responses&quot; : {&#13;&#10;          &quot;200&quot; : {&#13;&#10;            &quot;description&quot; : &quot;a pull request object&quot;,&#13;&#10;            &quot;content&quot; : {&#13;&#10;              &quot;application/json&quot; : {&#13;&#10;                &quot;schema&quot; : { }&#13;&#10;              }&#13;&#10;            }&#13;&#10;          }&#13;&#10;        }&#13;&#10;      }&#13;&#10;    },&#13;&#10;    &quot;/2.0/repositories/{username}/{slug}/pullrequests/{pid}/merge&quot; : {&#13;&#10;      &quot;post&quot; : {&#13;&#10;        &quot;operationId&quot; : &quot;mergePullRequest&quot;,&#13;&#10;        &quot;parameters&quot; : [ {&#13;&#10;          &quot;required&quot; : true,&#13;&#10;          &quot;schema&quot; : {&#13;&#10;            &quot;type&quot; : &quot;string&quot;&#13;&#10;          },&#13;&#10;          &quot;in&quot; : &quot;path&quot;,&#13;&#10;          &quot;name&quot; : &quot;username&quot;&#13;&#10;        }, {&#13;&#10;          &quot;required&quot; : true,&#13;&#10;          &quot;schema&quot; : {&#13;&#10;            &quot;type&quot; : &quot;string&quot;&#13;&#10;          },&#13;&#10;          &quot;in&quot; : &quot;path&quot;,&#13;&#10;          &quot;name&quot; : &quot;slug&quot;&#13;&#10;        }, {&#13;&#10;          &quot;required&quot; : true,&#13;&#10;          &quot;schema&quot; : {&#13;&#10;            &quot;type&quot; : &quot;string&quot;&#13;&#10;          },&#13;&#10;          &quot;in&quot; : &quot;path&quot;,&#13;&#10;          &quot;name&quot; : &quot;pid&quot;&#13;&#10;        } ],&#13;&#10;        &quot;responses&quot; : {&#13;&#10;          &quot;204&quot; : {&#13;&#10;            &quot;description&quot; : &quot;the PR was successfully merged&quot;&#13;&#10;          }&#13;&#10;        }&#13;&#10;      }&#13;&#10;    },&#13;&#10;    &quot;/2.0/repositories/{username}/{slug}/pullrequests&quot; : {&#13;&#10;      &quot;get&quot; : {&#13;&#10;        &quot;operationId&quot; : &quot;getPullRequestsByRepository&quot;,&#13;&#10;        &quot;parameters&quot; : [ {&#13;&#10;          &quot;required&quot; : true,&#13;&#10;          &quot;schema&quot; : {&#13;&#10;            &quot;type&quot; : &quot;string&quot;&#13;&#10;          },&#13;&#10;          &quot;in&quot; : &quot;path&quot;,&#13;&#10;          &quot;name&quot; : &quot;username&quot;&#13;&#10;        }, {&#13;&#10;          &quot;required&quot; : true,&#13;&#10;          &quot;schema&quot; : {&#13;&#10;            &quot;type&quot; : &quot;string&quot;&#13;&#10;          },&#13;&#10;          &quot;in&quot; : &quot;path&quot;,&#13;&#10;          &quot;name&quot; : &quot;slug&quot;&#13;&#10;        }, {&#13;&#10;          &quot;required&quot; : false,&#13;&#10;          &quot;schema&quot; : {&#13;&#10;            &quot;type&quot; : &quot;string&quot;&#13;&#10;          },&#13;&#10;          &quot;in&quot; : &quot;query&quot;,&#13;&#10;          &quot;name&quot; : &quot;state&quot;&#13;&#10;        } ],&#13;&#10;        &quot;responses&quot; : {&#13;&#10;          &quot;200&quot; : {&#13;&#10;            &quot;description&quot; : &quot;an array of pull request objects&quot;,&#13;&#10;            &quot;content&quot; : {&#13;&#10;              &quot;application/json&quot; : {&#13;&#10;                &quot;schema&quot; : {&#13;&#10;                  &quot;type&quot; : &quot;array&quot;,&#13;&#10;                  &quot;items&quot; : { }&#13;&#10;                }&#13;&#10;              }&#13;&#10;            }&#13;&#10;          }&#13;&#10;        }&#13;&#10;      }&#13;&#10;    },&#13;&#10;    &quot;/2.0/repositories/{username}/{slug}&quot; : {&#13;&#10;      &quot;get&quot; : {&#13;&#10;        &quot;operationId&quot; : &quot;getRepository&quot;,&#13;&#10;        &quot;parameters&quot; : [ {&#13;&#10;          &quot;required&quot; : true,&#13;&#10;          &quot;schema&quot; : {&#13;&#10;            &quot;type&quot; : &quot;string&quot;&#13;&#10;          },&#13;&#10;          &quot;in&quot; : &quot;path&quot;,&#13;&#10;          &quot;name&quot; : &quot;username&quot;&#13;&#10;        }, {&#13;&#10;          &quot;required&quot; : true,&#13;&#10;          &quot;schema&quot; : {&#13;&#10;            &quot;type&quot; : &quot;string&quot;&#13;&#10;          },&#13;&#10;          &quot;in&quot; : &quot;path&quot;,&#13;&#10;          &quot;name&quot; : &quot;slug&quot;&#13;&#10;        } ],&#13;&#10;        &quot;responses&quot; : {&#13;&#10;          &quot;200&quot; : {&#13;&#10;            &quot;description&quot; : &quot;The repository&quot;,&#13;&#10;            &quot;content&quot; : {&#13;&#10;              &quot;application/json&quot; : {&#13;&#10;                &quot;schema&quot; : { }&#13;&#10;              }&#13;&#10;            }&#13;&#10;          }&#13;&#10;        }&#13;&#10;      }&#13;&#10;    }&#13;&#10;  },&#13;&#10;  &quot;components&quot; : {&#13;&#10;    &quot;links&quot; : {&#13;&#10;      &quot;UserRepositories&quot; : {&#13;&#10;        &quot;operationId&quot; : &quot;getRepositoriesByOwner&quot;,&#13;&#10;        &quot;operationRef&quot; : &quot;&quot;,&#13;&#10;        &quot;parameters&quot; : {&#13;&#10;          &quot;username&quot; : &quot;$response.body#/username&quot;&#13;&#10;        }&#13;&#10;      },&#13;&#10;      &quot;UserRepository&quot; : {&#13;&#10;        &quot;operationId&quot; : &quot;getRepository&quot;,&#13;&#10;        &quot;operationRef&quot; : &quot;&quot;,&#13;&#10;        &quot;parameters&quot; : {&#13;&#10;          &quot;slug&quot; : &quot;$response.body#/slug&quot;,&#13;&#10;          &quot;username&quot; : &quot;$response.body#/owner/username&quot;&#13;&#10;        }&#13;&#10;      },&#13;&#10;      &quot;PullRequestMerge&quot; : {&#13;&#10;        &quot;operationId&quot; : &quot;mergePullRequest&quot;,&#13;&#10;        &quot;operationRef&quot; : &quot;&quot;,&#13;&#10;        &quot;parameters&quot; : {&#13;&#10;          &quot;pid&quot; : &quot;$response.body#/id&quot;,&#13;&#10;          &quot;slug&quot; : &quot;$response.body#/repository/slug&quot;,&#13;&#10;          &quot;username&quot; : &quot;$response.body#/author/username&quot;&#13;&#10;        }&#13;&#10;      },&#13;&#10;      &quot;RepositoryPullRequests&quot; : {&#13;&#10;        &quot;operationId&quot; : &quot;getPullRequestsByRepository&quot;,&#13;&#10;        &quot;operationRef&quot; : &quot;&quot;,&#13;&#10;        &quot;parameters&quot; : {&#13;&#10;          &quot;slug&quot; : &quot;$response.body#/slug&quot;,&#13;&#10;          &quot;username&quot; : &quot;$response.body#/owner/username&quot;&#13;&#10;        }&#13;&#10;      }&#13;&#10;    },&#13;&#10;    &quot;schemas&quot; : {&#13;&#10;      &quot;pullrequest&quot; : {&#13;&#10;        &quot;properties&quot; : {&#13;&#10;          &quot;author&quot; : { },&#13;&#10;          &quot;id&quot; : {&#13;&#10;            &quot;type&quot; : &quot;integer&quot;&#13;&#10;          },&#13;&#10;          &quot;title&quot; : {&#13;&#10;            &quot;type&quot; : &quot;string&quot;&#13;&#10;          },&#13;&#10;          &quot;repository&quot; : { }&#13;&#10;        },&#13;&#10;        &quot;type&quot; : &quot;object&quot;&#13;&#10;      },&#13;&#10;      &quot;repository&quot; : {&#13;&#10;        &quot;properties&quot; : {&#13;&#10;          &quot;owner&quot; : { },&#13;&#10;          &quot;slug&quot; : {&#13;&#10;            &quot;type&quot; : &quot;string&quot;&#13;&#10;          }&#13;&#10;        },&#13;&#10;        &quot;type&quot; : &quot;object&quot;&#13;&#10;      },&#13;&#10;      &quot;user&quot; : {&#13;&#10;        &quot;properties&quot; : {&#13;&#10;          &quot;uuid&quot; : {&#13;&#10;            &quot;type&quot; : &quot;string&quot;&#13;&#10;          },&#13;&#10;          &quot;username&quot; : {&#13;&#10;            &quot;type&quot; : &quot;string&quot;&#13;&#10;          }&#13;&#10;        },&#13;&#10;        &quot;type&quot; : &quot;object&quot;&#13;&#10;      }&#13;&#10;    }&#13;&#10;  }&#13;&#10;}&gt;" type="org.opentest4j.AssertionFailedError">org.opentest4j.AssertionFailedError: JSONs for link-example.json are different:
[ {
  &quot;op&quot; : &quot;add&quot;,
  &quot;path&quot; : &quot;/paths/~12.0~1repositories~1{username}/get/responses/200/content/application~1json/schema/items/$ref&quot;,
  &quot;value&quot; : &quot;#/components/schemas/repository&quot;
}, {
  &quot;op&quot; : &quot;add&quot;,
  &quot;path&quot; : &quot;/paths/~12.0~1repositories~1{username}/get/responses/200/links&quot;,
  &quot;value&quot; : {
    &quot;userRepository&quot; : {
      &quot;$ref&quot; : &quot;#/components/links/UserRepository&quot;
    }
  }
}, {
  &quot;op&quot; : &quot;add&quot;,
  &quot;path&quot; : &quot;/paths/~12.0~1users~1{username}/get/responses/200/content/application~1json/schema/$ref&quot;,
  &quot;value&quot; : &quot;#/components/schemas/user&quot;
}, {
  &quot;op&quot; : &quot;add&quot;,
  &quot;path&quot; : &quot;/paths/~12.0~1users~1{username}/get/responses/200/links&quot;,
  &quot;value&quot; : {
    &quot;userRepositories&quot; : {
      &quot;$ref&quot; : &quot;#/components/links/UserRepositories&quot;
    }
  }
}, {
  &quot;op&quot; : &quot;add&quot;,
  &quot;path&quot; : &quot;/paths/~12.0~1repositories~1{username}~1{slug}~1pullrequests~1{pid}/get/responses/200/content/application~1json/schema/$ref&quot;,
  &quot;value&quot; : &quot;#/components/schemas/pullrequest&quot;
}, {
  &quot;op&quot; : &quot;add&quot;,
  &quot;path&quot; : &quot;/paths/~12.0~1repositories~1{username}~1{slug}~1pullrequests~1{pid}/get/responses/200/links&quot;,
  &quot;value&quot; : {
    &quot;pullRequestMerge&quot; : {
      &quot;$ref&quot; : &quot;#/components/links/PullRequestMerge&quot;
    }
  }
}, {
  &quot;op&quot; : &quot;remove&quot;,
  &quot;path&quot; : &quot;/paths/~12.0~1repositories~1{username}~1{slug}~1pullrequests/get/parameters/2/required&quot;
}, {
  &quot;op&quot; : &quot;add&quot;,
  &quot;path&quot; : &quot;/paths/~12.0~1repositories~1{username}~1{slug}~1pullrequests/get/parameters/2/schema/enum&quot;,
  &quot;value&quot; : [ &quot;open&quot;, &quot;merged&quot;, &quot;declined&quot; ]
}, {
  &quot;op&quot; : &quot;add&quot;,
  &quot;path&quot; : &quot;/paths/~12.0~1repositories~1{username}~1{slug}~1pullrequests/get/responses/200/content/application~1json/schema/items/$ref&quot;,
  &quot;value&quot; : &quot;#/components/schemas/pullrequest&quot;
}, {
  &quot;op&quot; : &quot;add&quot;,
  &quot;path&quot; : &quot;/paths/~12.0~1repositories~1{username}~1{slug}/get/responses/200/content/application~1json/schema/$ref&quot;,
  &quot;value&quot; : &quot;#/components/schemas/repository&quot;
}, {
  &quot;op&quot; : &quot;add&quot;,
  &quot;path&quot; : &quot;/paths/~12.0~1repositories~1{username}~1{slug}/get/responses/200/links&quot;,
  &quot;value&quot; : {
    &quot;repositoryPullRequests&quot; : {
      &quot;$ref&quot; : &quot;#/components/links/RepositoryPullRequests&quot;
    }
  }
}, {
  &quot;op&quot; : &quot;remove&quot;,
  &quot;path&quot; : &quot;/components/links/UserRepositories/operationRef&quot;
}, {
  &quot;op&quot; : &quot;remove&quot;,
  &quot;path&quot; : &quot;/components/links/UserRepository/operationRef&quot;
}, {
  &quot;op&quot; : &quot;remove&quot;,
  &quot;path&quot; : &quot;/components/links/PullRequestMerge/operationRef&quot;
}, {
  &quot;op&quot; : &quot;remove&quot;,
  &quot;path&quot; : &quot;/components/links/RepositoryPullRequests/operationRef&quot;
}, {
  &quot;op&quot; : &quot;add&quot;,
  &quot;path&quot; : &quot;/components/schemas/pullrequest/properties/author/$ref&quot;,
  &quot;value&quot; : &quot;#/components/schemas/user&quot;
}, {
  &quot;op&quot; : &quot;add&quot;,
  &quot;path&quot; : &quot;/components/schemas/pullrequest/properties/repository/$ref&quot;,
  &quot;value&quot; : &quot;#/components/schemas/repository&quot;
}, {
  &quot;op&quot; : &quot;add&quot;,
  &quot;path&quot; : &quot;/components/schemas/repository/properties/owner/$ref&quot;,
  &quot;value&quot; : &quot;#/components/schemas/user&quot;
} ] ==&gt; expected: &lt;{
  &quot;openapi&quot; : &quot;3.0.0&quot;,
  &quot;info&quot; : {
    &quot;title&quot; : &quot;Link Example&quot;,
    &quot;version&quot; : &quot;1.0.0&quot;
  },
  &quot;paths&quot; : {
    &quot;/2.0/users/{username}&quot; : {
      &quot;get&quot; : {
        &quot;operationId&quot; : &quot;getUserByName&quot;,
        &quot;parameters&quot; : [ {
          &quot;required&quot; : true,
          &quot;schema&quot; : {
            &quot;type&quot; : &quot;string&quot;
          },
          &quot;in&quot; : &quot;path&quot;,
          &quot;name&quot; : &quot;username&quot;
        } ],
        &quot;responses&quot; : {
          &quot;200&quot; : {
            &quot;description&quot; : &quot;The User&quot;,
            &quot;links&quot; : {
              &quot;userRepositories&quot; : {
                &quot;$ref&quot; : &quot;#/components/links/UserRepositories&quot;
              }
            },
            &quot;content&quot; : {
              &quot;application/json&quot; : {
                &quot;schema&quot; : {
                  &quot;$ref&quot; : &quot;#/components/schemas/user&quot;
                }
              }
            }
          }
        }
      }
    },
    &quot;/2.0/repositories/{username}&quot; : {
      &quot;get&quot; : {
        &quot;operationId&quot; : &quot;getRepositoriesByOwner&quot;,
        &quot;parameters&quot; : [ {
          &quot;required&quot; : true,
          &quot;schema&quot; : {
            &quot;type&quot; : &quot;string&quot;
          },
          &quot;in&quot; : &quot;path&quot;,
          &quot;name&quot; : &quot;username&quot;
        } ],
        &quot;responses&quot; : {
          &quot;200&quot; : {
            &quot;description&quot; : &quot;repositories owned by the supplied user&quot;,
            &quot;links&quot; : {
              &quot;userRepository&quot; : {
                &quot;$ref&quot; : &quot;#/components/links/UserRepository&quot;
              }
            },
            &quot;content&quot; : {
              &quot;application/json&quot; : {
                &quot;schema&quot; : {
                  &quot;type&quot; : &quot;array&quot;,
                  &quot;items&quot; : {
                    &quot;$ref&quot; : &quot;#/components/schemas/repository&quot;
                  }
                }
              }
            }
          }
        }
      }
    },
    &quot;/2.0/repositories/{username}/{slug}&quot; : {
      &quot;get&quot; : {
        &quot;operationId&quot; : &quot;getRepository&quot;,
        &quot;parameters&quot; : [ {
          &quot;required&quot; : true,
          &quot;schema&quot; : {
            &quot;type&quot; : &quot;string&quot;
          },
          &quot;in&quot; : &quot;path&quot;,
          &quot;name&quot; : &quot;username&quot;
        }, {
          &quot;required&quot; : true,
          &quot;schema&quot; : {
            &quot;type&quot; : &quot;string&quot;
          },
          &quot;in&quot; : &quot;path&quot;,
          &quot;name&quot; : &quot;slug&quot;
        } ],
        &quot;responses&quot; : {
          &quot;200&quot; : {
            &quot;description&quot; : &quot;The repository&quot;,
            &quot;links&quot; : {
              &quot;repositoryPullRequests&quot; : {
                &quot;$ref&quot; : &quot;#/components/links/RepositoryPullRequests&quot;
              }
            },
            &quot;content&quot; : {
              &quot;application/json&quot; : {
                &quot;schema&quot; : {
                  &quot;$ref&quot; : &quot;#/components/schemas/repository&quot;
                }
              }
            }
          }
        }
      }
    },
    &quot;/2.0/repositories/{username}/{slug}/pullrequests&quot; : {
      &quot;get&quot; : {
        &quot;operationId&quot; : &quot;getPullRequestsByRepository&quot;,
        &quot;parameters&quot; : [ {
          &quot;required&quot; : true,
          &quot;schema&quot; : {
            &quot;type&quot; : &quot;string&quot;
          },
          &quot;in&quot; : &quot;path&quot;,
          &quot;name&quot; : &quot;username&quot;
        }, {
          &quot;required&quot; : true,
          &quot;schema&quot; : {
            &quot;type&quot; : &quot;string&quot;
          },
          &quot;in&quot; : &quot;path&quot;,
          &quot;name&quot; : &quot;slug&quot;
        }, {
          &quot;schema&quot; : {
            &quot;type&quot; : &quot;string&quot;,
            &quot;enum&quot; : [ &quot;open&quot;, &quot;merged&quot;, &quot;declined&quot; ]
          },
          &quot;in&quot; : &quot;query&quot;,
          &quot;name&quot; : &quot;state&quot;
        } ],
        &quot;responses&quot; : {
          &quot;200&quot; : {
            &quot;description&quot; : &quot;an array of pull request objects&quot;,
            &quot;content&quot; : {
              &quot;application/json&quot; : {
                &quot;schema&quot; : {
                  &quot;type&quot; : &quot;array&quot;,
                  &quot;items&quot; : {
                    &quot;$ref&quot; : &quot;#/components/schemas/pullrequest&quot;
                  }
                }
              }
            }
          }
        }
      }
    },
    &quot;/2.0/repositories/{username}/{slug}/pullrequests/{pid}&quot; : {
      &quot;get&quot; : {
        &quot;operationId&quot; : &quot;getPullRequestsById&quot;,
        &quot;parameters&quot; : [ {
          &quot;required&quot; : true,
          &quot;schema&quot; : {
            &quot;type&quot; : &quot;string&quot;
          },
          &quot;in&quot; : &quot;path&quot;,
          &quot;name&quot; : &quot;username&quot;
        }, {
          &quot;required&quot; : true,
          &quot;schema&quot; : {
            &quot;type&quot; : &quot;string&quot;
          },
          &quot;in&quot; : &quot;path&quot;,
          &quot;name&quot; : &quot;slug&quot;
        }, {
          &quot;required&quot; : true,
          &quot;schema&quot; : {
            &quot;type&quot; : &quot;string&quot;
          },
          &quot;in&quot; : &quot;path&quot;,
          &quot;name&quot; : &quot;pid&quot;
        } ],
        &quot;responses&quot; : {
          &quot;200&quot; : {
            &quot;description&quot; : &quot;a pull request object&quot;,
            &quot;links&quot; : {
              &quot;pullRequestMerge&quot; : {
                &quot;$ref&quot; : &quot;#/components/links/PullRequestMerge&quot;
              }
            },
            &quot;content&quot; : {
              &quot;application/json&quot; : {
                &quot;schema&quot; : {
                  &quot;$ref&quot; : &quot;#/components/schemas/pullrequest&quot;
                }
              }
            }
          }
        }
      }
    },
    &quot;/2.0/repositories/{username}/{slug}/pullrequests/{pid}/merge&quot; : {
      &quot;post&quot; : {
        &quot;operationId&quot; : &quot;mergePullRequest&quot;,
        &quot;parameters&quot; : [ {
          &quot;required&quot; : true,
          &quot;schema&quot; : {
            &quot;type&quot; : &quot;string&quot;
          },
          &quot;in&quot; : &quot;path&quot;,
          &quot;name&quot; : &quot;username&quot;
        }, {
          &quot;required&quot; : true,
          &quot;schema&quot; : {
            &quot;type&quot; : &quot;string&quot;
          },
          &quot;in&quot; : &quot;path&quot;,
          &quot;name&quot; : &quot;slug&quot;
        }, {
          &quot;required&quot; : true,
          &quot;schema&quot; : {
            &quot;type&quot; : &quot;string&quot;
          },
          &quot;in&quot; : &quot;path&quot;,
          &quot;name&quot; : &quot;pid&quot;
        } ],
        &quot;responses&quot; : {
          &quot;204&quot; : {
            &quot;description&quot; : &quot;the PR was successfully merged&quot;
          }
        }
      }
    }
  },
  &quot;components&quot; : {
    &quot;links&quot; : {
      &quot;UserRepositories&quot; : {
        &quot;operationId&quot; : &quot;getRepositoriesByOwner&quot;,
        &quot;parameters&quot; : {
          &quot;username&quot; : &quot;$response.body#/username&quot;
        }
      },
      &quot;UserRepository&quot; : {
        &quot;operationId&quot; : &quot;getRepository&quot;,
        &quot;parameters&quot; : {
          &quot;username&quot; : &quot;$response.body#/owner/username&quot;,
          &quot;slug&quot; : &quot;$response.body#/slug&quot;
        }
      },
      &quot;RepositoryPullRequests&quot; : {
        &quot;operationId&quot; : &quot;getPullRequestsByRepository&quot;,
        &quot;parameters&quot; : {
          &quot;username&quot; : &quot;$response.body#/owner/username&quot;,
          &quot;slug&quot; : &quot;$response.body#/slug&quot;
        }
      },
      &quot;PullRequestMerge&quot; : {
        &quot;operationId&quot; : &quot;mergePullRequest&quot;,
        &quot;parameters&quot; : {
          &quot;username&quot; : &quot;$response.body#/author/username&quot;,
          &quot;slug&quot; : &quot;$response.body#/repository/slug&quot;,
          &quot;pid&quot; : &quot;$response.body#/id&quot;
        }
      }
    },
    &quot;schemas&quot; : {
      &quot;user&quot; : {
        &quot;properties&quot; : {
          &quot;username&quot; : {
            &quot;type&quot; : &quot;string&quot;
          },
          &quot;uuid&quot; : {
            &quot;type&quot; : &quot;string&quot;
          }
        },
        &quot;type&quot; : &quot;object&quot;
      },
      &quot;repository&quot; : {
        &quot;properties&quot; : {
          &quot;slug&quot; : {
            &quot;type&quot; : &quot;string&quot;
          },
          &quot;owner&quot; : {
            &quot;$ref&quot; : &quot;#/components/schemas/user&quot;
          }
        },
        &quot;type&quot; : &quot;object&quot;
      },
      &quot;pullrequest&quot; : {
        &quot;properties&quot; : {
          &quot;id&quot; : {
            &quot;type&quot; : &quot;integer&quot;
          },
          &quot;title&quot; : {
            &quot;type&quot; : &quot;string&quot;
          },
          &quot;repository&quot; : {
            &quot;$ref&quot; : &quot;#/components/schemas/repository&quot;
          },
          &quot;author&quot; : {
            &quot;$ref&quot; : &quot;#/components/schemas/user&quot;
          }
        },
        &quot;type&quot; : &quot;object&quot;
      }
    }
  }
}&gt; but was: &lt;{
  &quot;openapi&quot; : &quot;3.0.0&quot;,
  &quot;info&quot; : {
    &quot;title&quot; : &quot;Link Example&quot;,
    &quot;version&quot; : &quot;1.0.0&quot;
  },
  &quot;paths&quot; : {
    &quot;/2.0/repositories/{username}&quot; : {
      &quot;get&quot; : {
        &quot;operationId&quot; : &quot;getRepositoriesByOwner&quot;,
        &quot;parameters&quot; : [ {
          &quot;required&quot; : true,
          &quot;schema&quot; : {
            &quot;type&quot; : &quot;string&quot;
          },
          &quot;in&quot; : &quot;path&quot;,
          &quot;name&quot; : &quot;username&quot;
        } ],
        &quot;responses&quot; : {
          &quot;200&quot; : {
            &quot;description&quot; : &quot;repositories owned by the supplied user&quot;,
            &quot;content&quot; : {
              &quot;application/json&quot; : {
                &quot;schema&quot; : {
                  &quot;type&quot; : &quot;array&quot;,
                  &quot;items&quot; : { }
                }
              }
            }
          }
        }
      }
    },
    &quot;/2.0/users/{username}&quot; : {
      &quot;get&quot; : {
        &quot;operationId&quot; : &quot;getUserByName&quot;,
        &quot;parameters&quot; : [ {
          &quot;required&quot; : true,
          &quot;schema&quot; : {
            &quot;type&quot; : &quot;string&quot;
          },
          &quot;in&quot; : &quot;path&quot;,
          &quot;name&quot; : &quot;username&quot;
        } ],
        &quot;responses&quot; : {
          &quot;200&quot; : {
            &quot;description&quot; : &quot;The User&quot;,
            &quot;content&quot; : {
              &quot;application/json&quot; : {
                &quot;schema&quot; : { }
              }
            }
          }
        }
      }
    },
    &quot;/2.0/repositories/{username}/{slug}/pullrequests/{pid}&quot; : {
      &quot;get&quot; : {
        &quot;operationId&quot; : &quot;getPullRequestsById&quot;,
        &quot;parameters&quot; : [ {
          &quot;required&quot; : true,
          &quot;schema&quot; : {
            &quot;type&quot; : &quot;string&quot;
          },
          &quot;in&quot; : &quot;path&quot;,
          &quot;name&quot; : &quot;username&quot;
        }, {
          &quot;required&quot; : true,
          &quot;schema&quot; : {
            &quot;type&quot; : &quot;string&quot;
          },
          &quot;in&quot; : &quot;path&quot;,
          &quot;name&quot; : &quot;slug&quot;
        }, {
          &quot;required&quot; : true,
          &quot;schema&quot; : {
            &quot;type&quot; : &quot;string&quot;
          },
          &quot;in&quot; : &quot;path&quot;,
          &quot;name&quot; : &quot;pid&quot;
        } ],
        &quot;responses&quot; : {
          &quot;200&quot; : {
            &quot;description&quot; : &quot;a pull request object&quot;,
            &quot;content&quot; : {
              &quot;application/json&quot; : {
                &quot;schema&quot; : { }
              }
            }
          }
        }
      }
    },
    &quot;/2.0/repositories/{username}/{slug}/pullrequests/{pid}/merge&quot; : {
      &quot;post&quot; : {
        &quot;operationId&quot; : &quot;mergePullRequest&quot;,
        &quot;parameters&quot; : [ {
          &quot;required&quot; : true,
          &quot;schema&quot; : {
            &quot;type&quot; : &quot;string&quot;
          },
          &quot;in&quot; : &quot;path&quot;,
          &quot;name&quot; : &quot;username&quot;
        }, {
          &quot;required&quot; : true,
          &quot;schema&quot; : {
            &quot;type&quot; : &quot;string&quot;
          },
          &quot;in&quot; : &quot;path&quot;,
          &quot;name&quot; : &quot;slug&quot;
        }, {
          &quot;required&quot; : true,
          &quot;schema&quot; : {
            &quot;type&quot; : &quot;string&quot;
          },
          &quot;in&quot; : &quot;path&quot;,
          &quot;name&quot; : &quot;pid&quot;
        } ],
        &quot;responses&quot; : {
          &quot;204&quot; : {
            &quot;description&quot; : &quot;the PR was successfully merged&quot;
          }
        }
      }
    },
    &quot;/2.0/repositories/{username}/{slug}/pullrequests&quot; : {
      &quot;get&quot; : {
        &quot;operationId&quot; : &quot;getPullRequestsByRepository&quot;,
        &quot;parameters&quot; : [ {
          &quot;required&quot; : true,
          &quot;schema&quot; : {
            &quot;type&quot; : &quot;string&quot;
          },
          &quot;in&quot; : &quot;path&quot;,
          &quot;name&quot; : &quot;username&quot;
        }, {
          &quot;required&quot; : true,
          &quot;schema&quot; : {
            &quot;type&quot; : &quot;string&quot;
          },
          &quot;in&quot; : &quot;path&quot;,
          &quot;name&quot; : &quot;slug&quot;
        }, {
          &quot;required&quot; : false,
          &quot;schema&quot; : {
            &quot;type&quot; : &quot;string&quot;
          },
          &quot;in&quot; : &quot;query&quot;,
          &quot;name&quot; : &quot;state&quot;
        } ],
        &quot;responses&quot; : {
          &quot;200&quot; : {
            &quot;description&quot; : &quot;an array of pull request objects&quot;,
            &quot;content&quot; : {
              &quot;application/json&quot; : {
                &quot;schema&quot; : {
                  &quot;type&quot; : &quot;array&quot;,
                  &quot;items&quot; : { }
                }
              }
            }
          }
        }
      }
    },
    &quot;/2.0/repositories/{username}/{slug}&quot; : {
      &quot;get&quot; : {
        &quot;operationId&quot; : &quot;getRepository&quot;,
        &quot;parameters&quot; : [ {
          &quot;required&quot; : true,
          &quot;schema&quot; : {
            &quot;type&quot; : &quot;string&quot;
          },
          &quot;in&quot; : &quot;path&quot;,
          &quot;name&quot; : &quot;username&quot;
        }, {
          &quot;required&quot; : true,
          &quot;schema&quot; : {
            &quot;type&quot; : &quot;string&quot;
          },
          &quot;in&quot; : &quot;path&quot;,
          &quot;name&quot; : &quot;slug&quot;
        } ],
        &quot;responses&quot; : {
          &quot;200&quot; : {
            &quot;description&quot; : &quot;The repository&quot;,
            &quot;content&quot; : {
              &quot;application/json&quot; : {
                &quot;schema&quot; : { }
              }
            }
          }
        }
      }
    }
  },
  &quot;components&quot; : {
    &quot;links&quot; : {
      &quot;UserRepositories&quot; : {
        &quot;operationId&quot; : &quot;getRepositoriesByOwner&quot;,
        &quot;operationRef&quot; : &quot;&quot;,
        &quot;parameters&quot; : {
          &quot;username&quot; : &quot;$response.body#/username&quot;
        }
      },
      &quot;UserRepository&quot; : {
        &quot;operationId&quot; : &quot;getRepository&quot;,
        &quot;operationRef&quot; : &quot;&quot;,
        &quot;parameters&quot; : {
          &quot;slug&quot; : &quot;$response.body#/slug&quot;,
          &quot;username&quot; : &quot;$response.body#/owner/username&quot;
        }
      },
      &quot;PullRequestMerge&quot; : {
        &quot;operationId&quot; : &quot;mergePullRequest&quot;,
        &quot;operationRef&quot; : &quot;&quot;,
        &quot;parameters&quot; : {
          &quot;pid&quot; : &quot;$response.body#/id&quot;,
          &quot;slug&quot; : &quot;$response.body#/repository/slug&quot;,
          &quot;username&quot; : &quot;$response.body#/author/username&quot;
        }
      },
      &quot;RepositoryPullRequests&quot; : {
        &quot;operationId&quot; : &quot;getPullRequestsByRepository&quot;,
        &quot;operationRef&quot; : &quot;&quot;,
        &quot;parameters&quot; : {
          &quot;slug&quot; : &quot;$response.body#/slug&quot;,
          &quot;username&quot; : &quot;$response.body#/owner/username&quot;
        }
      }
    },
    &quot;schemas&quot; : {
      &quot;pullrequest&quot; : {
        &quot;properties&quot; : {
          &quot;author&quot; : { },
          &quot;id&quot; : {
            &quot;type&quot; : &quot;integer&quot;
          },
          &quot;title&quot; : {
            &quot;type&quot; : &quot;string&quot;
          },
          &quot;repository&quot; : { }
        },
        &quot;type&quot; : &quot;object&quot;
      },
      &quot;repository&quot; : {
        &quot;properties&quot; : {
          &quot;owner&quot; : { },
          &quot;slug&quot; : {
            &quot;type&quot; : &quot;string&quot;
          }
        },
        &quot;type&quot; : &quot;object&quot;
      },
      &quot;user&quot; : {
        &quot;properties&quot; : {
          &quot;uuid&quot; : {
            &quot;type&quot; : &quot;string&quot;
          },
          &quot;username&quot; : {
            &quot;type&quot; : &quot;string&quot;
          }
        },
        &quot;type&quot; : &quot;object&quot;
      }
    }
  }
}&gt;
	at org.junit.jupiter.api.AssertionUtils.fail(AssertionUtils.java:55)
	at org.junit.jupiter.api.AssertionUtils.failNotEqual(AssertionUtils.java:62)
	at org.junit.jupiter.api.AssertEquals.assertEquals(AssertEquals.java:182)
	at org.junit.jupiter.api.Assertions.assertEquals(Assertions.java:1135)
	at openapi.OpenAPIMain_test.compareJson(OpenAPIMain_test.java:89)
	at openapi.OpenAPIMain_test.test(OpenAPIMain_test.java:75)
	at java.base/jdk.internal.reflect.NativeMethodAccessorImpl.invoke0(Native Method)
	at java.base/jdk.internal.reflect.NativeMethodAccessorImpl.invoke(NativeMethodAccessorImpl.java:62)
	at java.base/jdk.internal.reflect.DelegatingMethodAccessorImpl.invoke(DelegatingMethodAccessorImpl.java:43)
	at java.base/java.lang.reflect.Method.invoke(Method.java:566)
	at org.junit.platform.commons.util.ReflectionUtils.invokeMethod(ReflectionUtils.java:688)
	at org.junit.jupiter.engine.execution.MethodInvocation.proceed(MethodInvocation.java:60)
	at org.junit.jupiter.engine.execution.InvocationInterceptorChain$ValidatingInvocation.proceed(InvocationInterceptorChain.java:131)
	at org.junit.jupiter.engine.extension.TimeoutExtension.intercept(TimeoutExtension.java:149)
	at org.junit.jupiter.engine.extension.TimeoutExtension.interceptTestableMethod(TimeoutExtension.java:140)
	at org.junit.jupiter.engine.extension.TimeoutExtension.interceptTestMethod(TimeoutExtension.java:84)
	at org.junit.jupiter.engine.execution.ExecutableInvoker$ReflectiveInterceptorCall.lambda$ofVoidMethod$0(ExecutableInvoker.java:115)
	at org.junit.jupiter.engine.execution.ExecutableInvoker.lambda$invoke$0(ExecutableInvoker.java:105)
	at org.junit.jupiter.engine.execution.InvocationInterceptorChain$InterceptedInvocation.proceed(InvocationInterceptorChain.java:106)
	at org.junit.jupiter.engine.execution.InvocationInterceptorChain.proceed(InvocationInterceptorChain.java:64)
	at org.junit.jupiter.engine.execution.InvocationInterceptorChain.chainAndInvoke(InvocationInterceptorChain.java:45)
	at org.junit.jupiter.engine.execution.InvocationInterceptorChain.invoke(InvocationInterceptorChain.java:37)
	at org.junit.jupiter.engine.execution.ExecutableInvoker.invoke(ExecutableInvoker.java:104)
	at org.junit.jupiter.engine.execution.ExecutableInvoker.invoke(ExecutableInvoker.java:98)
	at org.junit.jupiter.engine.descriptor.TestMethodTestDescriptor.lambda$invokeTestMethod$6(TestMethodTestDescriptor.java:210)
	at org.junit.platform.engine.support.hierarchical.ThrowableCollector.execute(ThrowableCollector.java:73)
	at org.junit.jupiter.engine.descriptor.TestMethodTestDescriptor.invokeTestMethod(TestMethodTestDescriptor.java:206)
	at org.junit.jupiter.engine.descriptor.TestMethodTestDescriptor.execute(TestMethodTestDescriptor.java:131)
	at org.junit.jupiter.engine.descriptor.TestMethodTestDescriptor.execute(TestMethodTestDescriptor.java:65)
	at org.junit.platform.engine.support.hierarchical.NodeTestTask.lambda$executeRecursively$5(NodeTestTask.java:139)
	at org.junit.platform.engine.support.hierarchical.ThrowableCollector.execute(ThrowableCollector.java:73)
	at org.junit.platform.engine.support.hierarchical.NodeTestTask.lambda$executeRecursively$7(NodeTestTask.java:129)
	at org.junit.platform.engine.support.hierarchical.Node.around(Node.java:137)
	at org.junit.platform.engine.support.hierarchical.NodeTestTask.lambda$executeRecursively$8(NodeTestTask.java:127)
	at org.junit.platform.engine.support.hierarchical.ThrowableCollector.execute(ThrowableCollector.java:73)
	at org.junit.platform.engine.support.hierarchical.NodeTestTask.executeRecursively(NodeTestTask.java:126)
	at org.junit.platform.engine.support.hierarchical.NodeTestTask.execute(NodeTestTask.java:84)
	at java.base/java.util.ArrayList.forEach(ArrayList.java:1541)
	at org.junit.platform.engine.support.hierarchical.SameThreadHierarchicalTestExecutorService.invokeAll(SameThreadHierarchicalTestExecutorService.java:38)
	at org.junit.platform.engine.support.hierarchical.NodeTestTask.lambda$executeRecursively$5(NodeTestTask.java:143)
	at org.junit.platform.engine.support.hierarchical.ThrowableCollector.execute(ThrowableCollector.java:73)
	at org.junit.platform.engine.support.hierarchical.NodeTestTask.lambda$executeRecursively$7(NodeTestTask.java:129)
	at org.junit.platform.engine.support.hierarchical.Node.around(Node.java:137)
	at org.junit.platform.engine.support.hierarchical.NodeTestTask.lambda$executeRecursively$8(NodeTestTask.java:127)
	at org.junit.platform.engine.support.hierarchical.ThrowableCollector.execute(ThrowableCollector.java:73)
	at org.junit.platform.engine.support.hierarchical.NodeTestTask.executeRecursively(NodeTestTask.java:126)
	at org.junit.platform.engine.support.hierarchical.NodeTestTask.execute(NodeTestTask.java:84)
	at java.base/java.util.ArrayList.forEach(ArrayList.java:1541)
	at org.junit.platform.engine.support.hierarchical.SameThreadHierarchicalTestExecutorService.invokeAll(SameThreadHierarchicalTestExecutorService.java:38)
	at org.junit.platform.engine.support.hierarchical.NodeTestTask.lambda$executeRecursively$5(NodeTestTask.java:143)
	at org.junit.platform.engine.support.hierarchical.ThrowableCollector.execute(ThrowableCollector.java:73)
	at org.junit.platform.engine.support.hierarchical.NodeTestTask.lambda$executeRecursively$7(NodeTestTask.java:129)
	at org.junit.platform.engine.support.hierarchical.Node.around(Node.java:137)
	at org.junit.platform.engine.support.hierarchical.NodeTestTask.lambda$executeRecursively$8(NodeTestTask.java:127)
	at org.junit.platform.engine.support.hierarchical.ThrowableCollector.execute(ThrowableCollector.java:73)
	at org.junit.platform.engine.support.hierarchical.NodeTestTask.executeRecursively(NodeTestTask.java:126)
	at org.junit.platform.engine.support.hierarchical.NodeTestTask.execute(NodeTestTask.java:84)
	at org.junit.platform.engine.support.hierarchical.SameThreadHierarchicalTestExecutorService.submit(SameThreadHierarchicalTestExecutorService.java:32)
	at org.junit.platform.engine.support.hierarchical.HierarchicalTestExecutor.execute(HierarchicalTestExecutor.java:57)
	at org.junit.platform.engine.support.hierarchical.HierarchicalTestEngine.execute(HierarchicalTestEngine.java:51)
	at org.junit.platform.launcher.core.EngineExecutionOrchestrator.execute(EngineExecutionOrchestrator.java:108)
	at org.junit.platform.launcher.core.EngineExecutionOrchestrator.execute(EngineExecutionOrchestrator.java:88)
	at org.junit.platform.launcher.core.EngineExecutionOrchestrator.lambda$execute$0(EngineExecutionOrchestrator.java:54)
	at org.junit.platform.launcher.core.EngineExecutionOrchestrator.withInterceptedStreams(EngineExecutionOrchestrator.java:67)
	at org.junit.platform.launcher.core.EngineExecutionOrchestrator.execute(EngineExecutionOrchestrator.java:52)
	at org.junit.platform.launcher.core.DefaultLauncher.execute(DefaultLauncher.java:96)
	at org.junit.platform.launcher.core.DefaultLauncher.execute(DefaultLauncher.java:75)
	at org.gradle.api.internal.tasks.testing.junitplatform.JUnitPlatformTestClassProcessor$CollectAllTestClassesExecutor.processAllTestClasses(JUnitPlatformTestClassProcessor.java:99)
	at org.gradle.api.internal.tasks.testing.junitplatform.JUnitPlatformTestClassProcessor$CollectAllTestClassesExecutor.access$000(JUnitPlatformTestClassProcessor.java:79)
	at org.gradle.api.internal.tasks.testing.junitplatform.JUnitPlatformTestClassProcessor.stop(JUnitPlatformTestClassProcessor.java:75)
	at org.gradle.api.internal.tasks.testing.SuiteTestClassProcessor.stop(SuiteTestClassProcessor.java:61)
	at java.base/jdk.internal.reflect.NativeMethodAccessorImpl.invoke0(Native Method)
	at java.base/jdk.internal.reflect.NativeMethodAccessorImpl.invoke(NativeMethodAccessorImpl.java:62)
	at java.base/jdk.internal.reflect.DelegatingMethodAccessorImpl.invoke(DelegatingMethodAccessorImpl.java:43)
	at java.base/java.lang.reflect.Method.invoke(Method.java:566)
	at org.gradle.internal.dispatch.ReflectionDispatch.dispatch(ReflectionDispatch.java:36)
	at org.gradle.internal.dispatch.ReflectionDispatch.dispatch(ReflectionDispatch.java:24)
	at org.gradle.internal.dispatch.ContextClassLoaderDispatch.dispatch(ContextClassLoaderDispatch.java:33)
	at org.gradle.internal.dispatch.ProxyDispatchAdapter$DispatchingInvocationHandler.invoke(ProxyDispatchAdapter.java:94)
	at com.sun.proxy.$Proxy2.stop(Unknown Source)
	at org.gradle.api.internal.tasks.testing.worker.TestWorker.stop(TestWorker.java:133)
	at java.base/jdk.internal.reflect.NativeMethodAccessorImpl.invoke0(Native Method)
	at java.base/jdk.internal.reflect.NativeMethodAccessorImpl.invoke(NativeMethodAccessorImpl.java:62)
	at java.base/jdk.internal.reflect.DelegatingMethodAccessorImpl.invoke(DelegatingMethodAccessorImpl.java:43)
	at java.base/java.lang.reflect.Method.invoke(Method.java:566)
	at org.gradle.internal.dispatch.ReflectionDispatch.dispatch(ReflectionDispatch.java:36)
	at org.gradle.internal.dispatch.ReflectionDispatch.dispatch(ReflectionDispatch.java:24)
	at org.gradle.internal.remote.internal.hub.MessageHubBackedObjectConnection$DispatchWrapper.dispatch(MessageHubBackedObjectConnection.java:182)
	at org.gradle.internal.remote.internal.hub.MessageHubBackedObjectConnection$DispatchWrapper.dispatch(MessageHubBackedObjectConnection.java:164)
	at org.gradle.internal.remote.internal.hub.MessageHub$Handler.run(MessageHub.java:414)
	at org.gradle.internal.concurrent.ExecutorPolicy$CatchAndRecordFailures.onExecute(ExecutorPolicy.java:64)
	at org.gradle.internal.concurrent.ManagedExecutorImpl$1.run(ManagedExecutorImpl.java:48)
	at java.base/java.util.concurrent.ThreadPoolExecutor.runWorker(ThreadPoolExecutor.java:1128)
	at java.base/java.util.concurrent.ThreadPoolExecutor$Worker.run(ThreadPoolExecutor.java:628)
	at org.gradle.internal.concurrent.ThreadFactoryImpl$ManagedThreadRunnable.run(ThreadFactoryImpl.java:56)
	at java.base/java.lang.Thread.run(Thread.java:829)
</failure>
  </testcase>
  <system-out><![CDATA[Loading expression DSL file 'api-with-examples.json'.
Is the source object valid? : true
Is the generated object valid? : true
Loading expression DSL file 'callback-example.json'.
Is the source object valid? : true
Is the generated object valid? : true
Loading expression DSL file 'link-example.json'.
Is the source object valid? : true
Is the generated object valid? : true
]]></system-out>
  <system-err><![CDATA[]]></system-err>
</testsuite>
