<?xml version="1.0" encoding="UTF-8"?>
<testsuite name="openapi.OpenAPIMain_test" tests="1" skipped="0" failures="0" errors="0" timestamp="2021-08-14T21:45:50" hostname="DESKTOP-RAH69DT" time="0.434">
  <properties/>
  <testcase name="test()" classname="openapi.OpenAPIMain_test" time="0.434"/>
  <system-out><![CDATA[Loading expression DSL file 'api-with-examples.json'.
true
Loading expression DSL file 'callback-example.json'.
true
Loading expression DSL file 'link-example.json'.
true
Loading expression DSL file 'petstore-expanded.json'.
true
Loading expression DSL file 'petstore.json'.
true
Loading expression DSL file 'richard_mueller4-MatchinitAPI-1-swagger.json'.
true
Loading expression DSL file 'uspto.json'.
true
]]></system-out>
  <system-err><![CDATA[]]></system-err>
</testsuite>
