<?xml version="1.0" encoding="UTF-8"?>
<testsuite name="openapi.OpenAPIMain_test" tests="1" skipped="0" failures="0" errors="0" timestamp="2021-10-09T22:28:09" hostname="DESKTOP-7SEB5SB" time="0.481">
  <properties/>
  <testcase name="test()" classname="openapi.OpenAPIMain_test" time="0.481"/>
  <system-out><![CDATA[1
Loading expression DSL file 'petstore-v2.yaml'.
de.tudresden.inf.st.openapi.ast.SchemaReference
]]></system-out>
  <system-err><![CDATA[SLF4J: Failed to load class "org.slf4j.impl.StaticLoggerBinder".
SLF4J: Defaulting to no-operation (NOP) logger implementation
SLF4J: See http://www.slf4j.org/codes.html#StaticLoggerBinder for further details.
]]></system-err>
</testsuite>
