<?xml version="1.0" encoding="UTF-8"?>
<testsuite name="openapi.OpenAPIMain_test" tests="1" skipped="0" failures="0" errors="0" timestamp="2021-09-04T13:06:07" hostname="DESKTOP-RAH69DT" time="12.218">
  <properties/>
  <testcase name="test()" classname="openapi.OpenAPIMain_test" time="12.218"/>
  <system-out><![CDATA[101
Loading expression DSL file '1password.com-events-1.0.0.json'.
Loading expression DSL file '1password.local-connect-1.3.0.json'.
Loading expression DSL file '6-dot-authentiqio.appspot.com-6.json'.
Loading expression DSL file 'abstractapi.com-geolocation-1.0.0.json'.
Loading expression DSL file 'adyen.com-AccountService-6.json'.
Loading expression DSL file 'adyen.com-BalancePlatformService-1.json'.
Loading expression DSL file 'adyen.com-BinLookupService-50.json'.
Loading expression DSL file 'adyen.com-CheckoutService-67.json'.
Loading expression DSL file 'adyen.com-CheckoutUtilityService-1.json'.
Loading expression DSL file 'adyen.com-FundService-6.json'.
Loading expression DSL file 'adyen.com-HopService-6.json'.
Loading expression DSL file 'adyen.com-NotificationConfigurationService-6.json'.
Loading expression DSL file 'adyen.com-PaymentService-64.json'.
Loading expression DSL file 'adyen.com-PayoutService-64.json'.
Loading expression DSL file 'amazonaws.com-accessanalyzer-2019-11-01.json'.
Loading expression DSL file 'amazonaws.com-acm-2015-12-08.json'.
Loading expression DSL file 'amazonaws.com-acm-pca-2017-08-22.json'.
Loading expression DSL file 'amazonaws.com-alexaforbusiness-2017-11-09.json'.
Loading expression DSL file 'amazonaws.com-amp-2020-08-01.json'.
Loading expression DSL file 'amazonaws.com-amplify-2017-07-25.json'.
Loading expression DSL file 'amazonaws.com-amplifybackend-2020-08-11.json'.
Loading expression DSL file 'amazonaws.com-apigateway-2015-07-09.json'.
Loading expression DSL file 'amazonaws.com-apigatewaymanagementapi-2018-11-29.json'.
Loading expression DSL file 'amazonaws.com-apigatewayv2-2018-11-29.json'.
Loading expression DSL file 'amazonaws.com-appconfig-2019-10-09.json'.
Loading expression DSL file 'amazonaws.com-appflow-2020-08-23.json'.
Loading expression DSL file 'amazonaws.com-appintegration-2020-07-29.json'.
Loading expression DSL file 'amazonaws.com-application-autoscaling-2016-02-06.json'.
Loading expression DSL file 'amazonaws.com-application-insights-2018-11-25.json'.
Loading expression DSL file 'amazonaws.com-applicationcostprofiler-2020-09-10.json'.
Loading expression DSL file 'amazonaws.com-appmesh-2019-01-25.json'.
Loading expression DSL file 'amazonaws.com-apprunner-2020-05-15.json'.
Loading expression DSL file 'amazonaws.com-appstream-2016-12-01.json'.
Loading expression DSL file 'amazonaws.com-appsync-2017-07-25.json'.
Loading expression DSL file 'amazonaws.com-athena-2017-05-18.json'.
Loading expression DSL file 'amazonaws.com-auditmanager-2017-07-25.json'.
Loading expression DSL file 'amazonaws.com-autoscaling-2011-01-01.json'.
Loading expression DSL file 'amazonaws.com-autoscaling-plans-2018-01-06.json'.
Loading expression DSL file 'amazonaws.com-AWSMigrationHub-2017-05-31.json'.
Loading expression DSL file 'amazonaws.com-backup-2018-11-15.json'.
Loading expression DSL file 'amazonaws.com-batch-2016-08-10.json'.
Loading expression DSL file 'amazonaws.com-braket-2019-09-01.json'.
Loading expression DSL file 'amazonaws.com-budgets-2016-10-20.json'.
Loading expression DSL file 'amazonaws.com-ce-2017-10-25.json'.
Loading expression DSL file 'amazonaws.com-chime-2018-05-01.json'.
Loading expression DSL file 'amazonaws.com-cloud9-2017-09-23.json'.
Loading expression DSL file 'amazonaws.com-cloudformation-2010-05-15.json'.
Loading expression DSL file 'amazonaws.com-cloudfront-2020-05-31.json'.
Loading expression DSL file 'amazonaws.com-cloudhsm-2014-05-30.json'.
Loading expression DSL file 'amazonaws.com-cloudhsmv2-2017-04-28.json'.
Loading expression DSL file 'amazonaws.com-cloudsearch-2013-01-01.json'.
Loading expression DSL file 'amazonaws.com-cloudsearchdomain-2013-01-01.json'.
Loading expression DSL file 'amazonaws.com-cloudtrail-2013-11-01.json'.
Loading expression DSL file 'amazonaws.com-codeartifcat-2018-09-22.json'.
Loading expression DSL file 'amazonaws.com-codebuild-2016-10-06.json'.
Loading expression DSL file 'amazonaws.com-codecommit-2015-04-13.json'.
Loading expression DSL file 'amazonaws.com-codedelpoy-2014-10-06.json'.
Loading expression DSL file 'amazonaws.com-codeguru-reviewer-2019-09-19.json'.
Loading expression DSL file 'amazonaws.com-codeguruprofiler-2019-07-18.json'.
Loading expression DSL file 'amazonaws.com-codepipeline-2015-07-09.json'.
Loading expression DSL file 'amazonaws.com-codestar-2017-04-19.json'.
Loading expression DSL file 'amazonaws.com-codestar-connections-2019-12-01.json'.
Loading expression DSL file 'amazonaws.com-codestar-notifications-2019-10-15.json'.
Loading expression DSL file 'amazonaws.com-cognito-identity-2014-06-30.json'.
Loading expression DSL file 'amazonaws.com-cognito-idp-2016-04-18.json'.
Loading expression DSL file 'amazonaws.com-cognito-sync-2014-06-30.json'.
Loading expression DSL file 'amazonaws.com-comprehend-2017-11-27.json'.
Loading expression DSL file 'amazonaws.com-comprehendmedical-2018-10-30.json'.
Loading expression DSL file 'amazonaws.com-compute-optimizer-2019-11-01.json'.
Loading expression DSL file 'amazonaws.com-config-2014-11-12.json'.
Loading expression DSL file 'amazonaws.com-connect-2017-08-08.json'.
Loading expression DSL file 'amazonaws.com-connect-contact-lens-2020-08-21.json'.
Loading expression DSL file 'amazonaws.com-connectparticipant-2018-09-07.json'.
Loading expression DSL file 'amazonaws.com-cur-2017-01-06.json'.
Loading expression DSL file 'amazonaws.com-customer-profiles-2020-08-15.json'.
Loading expression DSL file 'amazonaws.com-databrew-2017-07-25.json'.
Loading expression DSL file 'amazonaws.com-dataexchange-2017-07-25.json'.
Loading expression DSL file 'amazonaws.com-datapipeline-2012-10-29.json'.
Loading expression DSL file 'amazonaws.com-datasync-2018-11-09.json'.
Loading expression DSL file 'amazonaws.com-dax-2017-04-19.json'.
Loading expression DSL file 'amazonaws.com-detective-2018-10-26.json'.
Loading expression DSL file 'amazonaws.com-devicefarm-2015-06-23.json'.
Loading expression DSL file 'amazonaws.com-devops-guru-2020-12-01.json'.
Loading expression DSL file 'amazonaws.com-directconnect-2012-10-25.json'.
Loading expression DSL file 'amazonaws.com-discovery-2015-11-01.json'.
Loading expression DSL file 'amazonaws.com-dlm-2018-01-12.json'.
Loading expression DSL file 'amazonaws.com-dms-2016-01-01.json'.
Loading expression DSL file 'amazonaws.com-docdb-2014-10-31.json'.
Loading expression DSL file 'amazonaws.com-ds-2015-04-16.json'.
Loading expression DSL file 'amazonaws.com-dynamodb.json'.
Loading expression DSL file 'amazonaws.com-ebs-2019-11-02.json'.
Loading expression DSL file 'amazonaws.com-ec2-2016-11-15.json'.
Loading expression DSL file 'amazonaws.com-ec2-instance-connect-2018-04-02.json'.
Loading expression DSL file 'amazonaws.com-ecr-2015-09-21.json'.
Loading expression DSL file 'callback-example.json'.
Loading expression DSL file 'link-example.json'.
Loading expression DSL file 'petstore-expanded.json'.
Loading expression DSL file 'petstore-v2.yaml'.
Loading expression DSL file 'petstore.json'.
Loading expression DSL file 'richard_mueller4-MatchinitAPI-1-swagger.json'.
Loading expression DSL file 'uspto.json'.
]]></system-out>
  <system-err><![CDATA[]]></system-err>
</testsuite>
