<?xml version="1.0" encoding="UTF-8"?>
<testsuite name="openapi.OpenAPIMain_test" tests="1" skipped="0" failures="0" errors="0" timestamp="2021-10-04T14:06:36" hostname="DESKTOP-7SEB5SB" time="0.741">
  <properties/>
  <testcase name="test()" classname="openapi.OpenAPIMain_test" time="0.741"/>
  <system-out><![CDATA[5
Loading expression DSL file '1password.com-events-1.0.0.json'.
Loading expression DSL file '6-dot-authentiqio.appspot.com-6.json'.
Loading expression DSL file 'abstractapi.com-geolocation-1.0.0.json'.
Loading expression DSL file 'adyen.com-CheckoutUtilityService-1.json'.
Loading expression DSL file 'petstore-v2.yaml'.
]]></system-out>
  <system-err><![CDATA[]]></system-err>
</testsuite>
