<?xml version="1.0" encoding="UTF-8"?>
<testsuite name="openapi.OpenAPIMain_test" tests="1" skipped="0" failures="0" errors="0" timestamp="2021-08-19T08:46:48" hostname="DESKTOP-RAH69DT" time="1.703">
  <properties/>
  <testcase name="test()" classname="openapi.OpenAPIMain_test" time="1.703"/>
  <system-out><![CDATA[30
Loading expression DSL file '1password.com.yaml'.
Loading expression DSL file '1password.local.yaml'.
Loading expression DSL file '6-dot-authentiqio.appspot.com.yaml'.
Loading expression DSL file 'ably.io.yaml'.
Loading expression DSL file 'abstractapi.com.yaml'.
Loading expression DSL file 'adobe.com.yaml'.
Loading expression DSL file 'adyen.com.AccountService.3.yaml'.
Loading expression DSL file 'adyen.com.AccountService.4.yaml'.
Loading expression DSL file 'adyen.com.AccountService.5.yaml'.
Loading expression DSL file 'adyen.com.AccountService.6.yaml'.
Loading expression DSL file 'agco-ats.com.yaml'.
Loading expression DSL file 'amazonaws.com.accessanalyzer.2019-11-01.yaml'.
Loading expression DSL file 'amazonaws.com.acm.2015-12-08.yaml'.
Loading expression DSL file 'amentum.space.atmosphere.1.1.1.yaml'.
Loading expression DSL file 'amentum.space.aviation_radiation.1.5.0.yaml'.
Loading expression DSL file 'amentum.space.global-magnet.1.3.0.yaml'.
Loading expression DSL file 'amentum.space.gravity.1.1.1.yaml'.
Loading expression DSL file 'amentum.space.space_radiation.1.1.1.yaml'.
Loading expression DSL file 'anchore.io.0.1.18.yaml'.
Loading expression DSL file 'api-with-examples.json'.
Loading expression DSL file 'api.gov.uk.vehicle-enquiry.1.1.0.yaml'.
Loading expression DSL file 'api2pdf.com.1.0.0.yaml'.
Loading expression DSL file 'apicurio.local.registry.1.3.2.Final.yaml'.
Loading expression DSL file 'apidapp.com.2019-02-14T164701Z.yaml'.
Loading expression DSL file 'callback-example.json'.
Loading expression DSL file 'link-example.json'.
Loading expression DSL file 'petstore-expanded.json'.
Loading expression DSL file 'petstore.json'.
Loading expression DSL file 'richard_mueller4-MatchinitAPI-1-swagger.json'.
Loading expression DSL file 'uspto.json'.
]]></system-out>
  <system-err><![CDATA[]]></system-err>
</testsuite>
